<?xml version='1.0' encoding='UTF-8' standalone='no'?>
<doxygen xmlns:xsi="http://www.w3.org/2001/XMLSchema-instance" xsi:noNamespaceSchemaLocation="compound.xsd" version="1.13.2" xml:lang="en-US">
  <compounddef id="test__summary__documentation_8py" kind="file" language="Python">
    <compoundname>test_summary_documentation.py</compoundname>
    <innernamespace refid="namespacetests">tests</innernamespace>
    <innernamespace refid="namespacetests_1_1unit">tests::unit</innernamespace>
    <innernamespace refid="namespacetests_1_1unit_1_1test__summary__documentation">tests::unit::test_summary_documentation</innernamespace>
    <briefdescription>
    </briefdescription>
    <detaileddescription>
    </detaileddescription>
    <programlisting>
<codeline lineno="1" refid="namespacetests_1_1unit_1_1test__summary__documentation" refkind="compound"><highlight class="stringliteral">&quot;&quot;&quot;Unit<sp/>tests<sp/>for<sp/>validating<sp/>summary<sp/>documentation<sp/>markdown<sp/>files.</highlight></codeline>
<codeline lineno="2"><highlight class="stringliteral"></highlight></codeline>
<codeline lineno="3"><highlight class="stringliteral">This<sp/>module<sp/>tests<sp/>the<sp/>summary<sp/>documentation<sp/>files<sp/>created<sp/>in<sp/>this<sp/>branch:</highlight></codeline>
<codeline lineno="4"><highlight class="stringliteral">-<sp/>ENHANCED_TEST_SUMMARY.md</highlight></codeline>
<codeline lineno="5"><highlight class="stringliteral">-<sp/>FINAL_TEST_SUMMARY.md</highlight></codeline>
<codeline lineno="6"><highlight class="stringliteral">-<sp/>TEST_DOCUMENTATION_SUMMARY.md</highlight></codeline>
<codeline lineno="7"><highlight class="stringliteral"></highlight></codeline>
<codeline lineno="8"><highlight class="stringliteral">Tests<sp/>ensure:</highlight></codeline>
<codeline lineno="9"><highlight class="stringliteral">-<sp/>Valid<sp/>markdown<sp/>structure</highlight></codeline>
<codeline lineno="10"><highlight class="stringliteral">-<sp/>Required<sp/>sections<sp/>are<sp/>present</highlight></codeline>
<codeline lineno="11"><highlight class="stringliteral">-<sp/>Content<sp/>accuracy<sp/>and<sp/>consistency</highlight></codeline>
<codeline lineno="12"><highlight class="stringliteral">-<sp/>No<sp/>broken<sp/>internal<sp/>references</highlight></codeline>
<codeline lineno="13"><highlight class="stringliteral">-<sp/>Proper<sp/>formatting<sp/>and<sp/>readability</highlight></codeline>
<codeline lineno="14"><highlight class="stringliteral">&quot;&quot;&quot;</highlight><highlight class="normal"></highlight></codeline>
<codeline lineno="15"><highlight class="normal"></highlight></codeline>
<codeline lineno="16"><highlight class="normal"></highlight><highlight class="keyword">import</highlight><highlight class="normal"><sp/>re</highlight></codeline>
<codeline lineno="17"><highlight class="normal"></highlight><highlight class="keyword">from</highlight><highlight class="normal"><sp/>pathlib<sp/></highlight><highlight class="keyword">import</highlight><highlight class="normal"><sp/>Path</highlight></codeline>
<codeline lineno="18"><highlight class="normal"></highlight></codeline>
<codeline lineno="19"><highlight class="normal"></highlight><highlight class="keyword">import</highlight><highlight class="normal"><sp/>pytest</highlight></codeline>
<codeline lineno="20"><highlight class="normal"></highlight></codeline>
<codeline lineno="21"><highlight class="normal"></highlight></codeline>
<codeline lineno="22"><highlight class="normal"></highlight><highlight class="keyword">class<sp/></highlight><highlight class="normal">TestEnhancedTestSummary:</highlight></codeline>
<codeline lineno="23"><highlight class="normal"><sp/><sp/><sp/><sp/></highlight><highlight class="stringliteral">&quot;&quot;&quot;Test<sp/>cases<sp/>for<sp/>ENHANCED_TEST_SUMMARY.md.&quot;&quot;&quot;</highlight><highlight class="normal"></highlight></codeline>
<codeline lineno="24"><highlight class="normal"></highlight></codeline>
<codeline lineno="25"><highlight class="normal"><sp/><sp/><sp/><sp/></highlight><highlight class="preprocessor">@pytest.fixture</highlight><highlight class="normal"></highlight></codeline>
<codeline lineno="26"><highlight class="normal"><sp/><sp/><sp/><sp/></highlight><highlight class="keyword">def<sp/></highlight><highlight class="normal">summary_path(self):</highlight></codeline>
<codeline lineno="27"><highlight class="normal"><sp/><sp/><sp/><sp/><sp/><sp/><sp/><sp/></highlight><highlight class="stringliteral">&quot;&quot;&quot;</highlight></codeline>
<codeline lineno="28"><highlight class="stringliteral"><sp/><sp/><sp/><sp/><sp/><sp/><sp/><sp/>Provide<sp/>the<sp/>path<sp/>to<sp/>the<sp/>enhanced<sp/>test<sp/>summary<sp/>file.</highlight></codeline>
<codeline lineno="29"><highlight class="stringliteral"><sp/><sp/><sp/><sp/><sp/><sp/><sp/><sp/>&quot;&quot;&quot;</highlight><highlight class="normal"></highlight></codeline>
<codeline lineno="30"><highlight class="normal"></highlight></codeline>
<codeline lineno="31"><highlight class="normal"><sp/><sp/><sp/><sp/><sp/><sp/><sp/><sp/>Returns:</highlight></codeline>
<codeline lineno="32"><highlight class="normal"><sp/><sp/><sp/><sp/><sp/><sp/><sp/><sp/><sp/><sp/><sp/><sp/>Path:<sp/>Path<sp/>to<sp/></highlight><highlight class="stringliteral">&quot;ENHANCED_TEST_SUMMARY.md&quot;</highlight><highlight class="normal">.</highlight></codeline>
<codeline lineno="33"><highlight class="normal"><sp/><sp/><sp/><sp/><sp/><sp/><sp/><sp/></highlight><highlight class="stringliteral">&quot;&quot;&quot;</highlight></codeline>
<codeline lineno="34"><highlight class="stringliteral"><sp/><sp/><sp/><sp/><sp/><sp/><sp/><sp/>return<sp/>Path(&quot;ENHANCED_TEST_SUMMARY.md&quot;)</highlight></codeline>
<codeline lineno="35"><highlight class="stringliteral"></highlight></codeline>
<codeline lineno="36"><highlight class="stringliteral"><sp/><sp/><sp/><sp/>@pytest.fixture</highlight></codeline>
<codeline lineno="37"><highlight class="stringliteral"><sp/><sp/><sp/><sp/>def<sp/>summary_content(self,<sp/>summary_path):</highlight></codeline>
<codeline lineno="38"><highlight class="stringliteral"><sp/><sp/><sp/><sp/><sp/><sp/><sp/><sp/>&quot;&quot;&quot;</highlight><highlight class="normal"></highlight></codeline>
<codeline lineno="39"><highlight class="normal"><sp/><sp/><sp/><sp/><sp/><sp/><sp/><sp/>Load<sp/>the<sp/>text<sp/>content<sp/>of<sp/>the<sp/>summary<sp/>file<sp/>at<sp/>the<sp/>given<sp/>path.</highlight></codeline>
<codeline lineno="40"><highlight class="normal"></highlight></codeline>
<codeline lineno="41"><highlight class="normal"><sp/><sp/><sp/><sp/><sp/><sp/><sp/><sp/>Parameters:</highlight></codeline>
<codeline lineno="42"><highlight class="normal"><sp/><sp/><sp/><sp/><sp/><sp/><sp/><sp/><sp/><sp/><sp/><sp/><sp/><sp/><sp/><sp/>summary_path(Path):<sp/>Path<sp/>to<sp/>the<sp/>summary<sp/>markdown<sp/>file<sp/>to<sp/>read.</highlight></codeline>
<codeline lineno="43"><highlight class="normal"></highlight></codeline>
<codeline lineno="44"><highlight class="normal"><sp/><sp/><sp/><sp/><sp/><sp/><sp/><sp/>Returns:</highlight></codeline>
<codeline lineno="45"><highlight class="normal"><sp/><sp/><sp/><sp/><sp/><sp/><sp/><sp/><sp/><sp/><sp/><sp/><sp/><sp/><sp/><sp/>str:<sp/>The<sp/>file<sp/>content.</highlight></codeline>
<codeline lineno="46"><highlight class="normal"></highlight></codeline>
<codeline lineno="47"><highlight class="normal"><sp/><sp/><sp/><sp/><sp/><sp/><sp/><sp/>Raises:</highlight></codeline>
<codeline lineno="48"><highlight class="normal"><sp/><sp/><sp/><sp/><sp/><sp/><sp/><sp/><sp/><sp/><sp/><sp/><sp/><sp/><sp/><sp/>AssertionError:<sp/>If<sp/>`summary_path`<sp/>does<sp/></highlight><highlight class="keywordflow">not</highlight><highlight class="normal"><sp/>exist.</highlight></codeline>
<codeline lineno="49"><highlight class="normal"><sp/><sp/><sp/><sp/><sp/><sp/><sp/><sp/></highlight><highlight class="stringliteral">&quot;&quot;&quot;</highlight></codeline>
<codeline lineno="50"><highlight class="stringliteral"><sp/><sp/><sp/><sp/><sp/><sp/><sp/><sp/>assert<sp/>summary_path.exists(),<sp/>&quot;ENHANCED_TEST_SUMMARY.md<sp/>not<sp/>found&quot;</highlight></codeline>
<codeline lineno="51"><highlight class="stringliteral"><sp/><sp/><sp/><sp/><sp/><sp/><sp/><sp/>with<sp/>open(summary_path,<sp/>encoding=&quot;utf-8&quot;)<sp/>as<sp/>f:</highlight></codeline>
<codeline lineno="52"><highlight class="stringliteral"><sp/><sp/><sp/><sp/><sp/><sp/><sp/><sp/><sp/><sp/><sp/><sp/>return<sp/>f.read()</highlight></codeline>
<codeline lineno="53"><highlight class="stringliteral"></highlight></codeline>
<codeline lineno="54"><highlight class="stringliteral"><sp/><sp/><sp/><sp/>def<sp/>test_summary_file_exists(self,<sp/>summary_path):</highlight></codeline>
<codeline lineno="55"><highlight class="stringliteral"><sp/><sp/><sp/><sp/><sp/><sp/><sp/><sp/>&quot;&quot;&quot;</highlight><highlight class="normal">Test<sp/>that<sp/>ENHANCED_TEST_SUMMARY.md<sp/>exists.</highlight><highlight class="stringliteral">&quot;&quot;&quot;</highlight></codeline>
<codeline lineno="56"><highlight class="stringliteral"><sp/><sp/><sp/><sp/><sp/><sp/><sp/><sp/>assert<sp/>summary_path.exists()</highlight></codeline>
<codeline lineno="57"><highlight class="stringliteral"><sp/><sp/><sp/><sp/><sp/><sp/><sp/><sp/>assert<sp/>summary_path.is_file()</highlight></codeline>
<codeline lineno="58"><highlight class="stringliteral"></highlight></codeline>
<codeline lineno="59"><highlight class="stringliteral"><sp/><sp/><sp/><sp/>def<sp/>test_summary_not_empty(self,<sp/>summary_content):</highlight></codeline>
<codeline lineno="60"><highlight class="stringliteral"><sp/><sp/><sp/><sp/><sp/><sp/><sp/><sp/>&quot;&quot;&quot;</highlight><highlight class="normal">Test<sp/>that<sp/>summary<sp/>file<sp/></highlight><highlight class="keywordflow">is</highlight><highlight class="normal"><sp/></highlight><highlight class="keywordflow">not</highlight><highlight class="normal"><sp/>empty.</highlight><highlight class="stringliteral">&quot;&quot;&quot;</highlight></codeline>
<codeline lineno="61"><highlight class="stringliteral"><sp/><sp/><sp/><sp/><sp/><sp/><sp/><sp/>assert<sp/>len(summary_content.strip())<sp/>&gt;<sp/>0</highlight></codeline>
<codeline lineno="62"><highlight class="stringliteral"></highlight></codeline>
<codeline lineno="63"><highlight class="stringliteral"><sp/><sp/><sp/><sp/>def<sp/>test_summary_has_main_title(self,<sp/>summary_content):</highlight></codeline>
<codeline lineno="64"><highlight class="stringliteral"><sp/><sp/><sp/><sp/><sp/><sp/><sp/><sp/>&quot;&quot;&quot;</highlight><highlight class="normal"></highlight></codeline>
<codeline lineno="65"><highlight class="normal"><sp/><sp/><sp/><sp/><sp/><sp/><sp/><sp/>Verify<sp/>the<sp/>summary<sp/>contains<sp/>the<sp/>main<sp/>title<sp/></highlight><highlight class="stringliteral">&quot;Enhanced<sp/>Test<sp/>Suite<sp/>Summary&quot;</highlight><highlight class="normal">.</highlight></codeline>
<codeline lineno="66"><highlight class="normal"></highlight></codeline>
<codeline lineno="67"><highlight class="normal"><sp/><sp/><sp/><sp/><sp/><sp/><sp/><sp/>Parameters:</highlight></codeline>
<codeline lineno="68"><highlight class="normal"><sp/><sp/><sp/><sp/><sp/><sp/><sp/><sp/><sp/><sp/><sp/><sp/>summary_content(str):<sp/>Full<sp/>text<sp/>content<sp/>of<sp/>the<sp/>summary<sp/>markdown<sp/>file<sp/>being<sp/>tested.</highlight></codeline>
<codeline lineno="69"><highlight class="normal"><sp/><sp/><sp/><sp/><sp/><sp/><sp/><sp/></highlight><highlight class="stringliteral">&quot;&quot;&quot;</highlight></codeline>
<codeline lineno="70"><highlight class="stringliteral"><sp/><sp/><sp/><sp/><sp/><sp/><sp/><sp/>assert<sp/>&quot;#<sp/>Enhanced<sp/>Test<sp/>Suite<sp/>Summary&quot;<sp/>in<sp/>summary_content</highlight></codeline>
<codeline lineno="71"><highlight class="stringliteral"></highlight></codeline>
<codeline lineno="72"><highlight class="stringliteral"><sp/><sp/><sp/><sp/>def<sp/>test_summary_has_executive_summary(self,<sp/>summary_content):</highlight></codeline>
<codeline lineno="73"><highlight class="stringliteral"><sp/><sp/><sp/><sp/><sp/><sp/><sp/><sp/>&quot;&quot;&quot;</highlight><highlight class="normal">Test<sp/>that<sp/>summary<sp/>has<sp/>Executive<sp/>Summary<sp/>section.</highlight><highlight class="stringliteral">&quot;&quot;&quot;</highlight></codeline>
<codeline lineno="74"><highlight class="stringliteral"><sp/><sp/><sp/><sp/><sp/><sp/><sp/><sp/>assert<sp/>&quot;##<sp/>Executive<sp/>Summary&quot;<sp/>in<sp/>summary_content</highlight></codeline>
<codeline lineno="75"><highlight class="stringliteral"></highlight></codeline>
<codeline lineno="76"><highlight class="stringliteral"><sp/><sp/><sp/><sp/>def<sp/>test_summary_has_statistics_table(self,<sp/>summary_content):</highlight></codeline>
<codeline lineno="77"><highlight class="stringliteral"><sp/><sp/><sp/><sp/><sp/><sp/><sp/><sp/>&quot;&quot;&quot;</highlight><highlight class="normal">Test<sp/>that<sp/>summary<sp/>includes<sp/>test<sp/>statistics<sp/>table.</highlight><highlight class="stringliteral">&quot;&quot;&quot;</highlight></codeline>
<codeline lineno="78"><highlight class="stringliteral"><sp/><sp/><sp/><sp/><sp/><sp/><sp/><sp/>assert<sp/>&quot;|<sp/>Metric<sp/>|&quot;<sp/>in<sp/>summary_content</highlight></codeline>
<codeline lineno="79"><highlight class="stringliteral"><sp/><sp/><sp/><sp/><sp/><sp/><sp/><sp/>assert<sp/>&quot;Test<sp/>Classes&quot;<sp/>in<sp/>summary_content</highlight></codeline>
<codeline lineno="80"><highlight class="stringliteral"><sp/><sp/><sp/><sp/><sp/><sp/><sp/><sp/>assert<sp/>&quot;Test<sp/>Functions&quot;<sp/>in<sp/>summary_content</highlight></codeline>
<codeline lineno="81"><highlight class="stringliteral"></highlight></codeline>
<codeline lineno="82"><highlight class="stringliteral"><sp/><sp/><sp/><sp/>def<sp/>test_summary_mentions_new_test_classes(self,<sp/>summary_content):</highlight></codeline>
<codeline lineno="83"><highlight class="stringliteral"><sp/><sp/><sp/><sp/><sp/><sp/><sp/><sp/>&quot;&quot;&quot;</highlight><highlight class="normal"></highlight></codeline>
<codeline lineno="84"><highlight class="normal"><sp/><sp/><sp/><sp/><sp/><sp/><sp/><sp/>Verify<sp/>the<sp/>summary<sp/>contains<sp/>the<sp/>expected<sp/>new<sp/>test<sp/></highlight><highlight class="keyword">class<sp/></highlight><highlight class="normal">names.</highlight></codeline>
<codeline lineno="85"><highlight class="normal"></highlight></codeline>
<codeline lineno="86"><highlight class="normal"><sp/><sp/><sp/><sp/><sp/><sp/><sp/><sp/>Checks<sp/>that<sp/>the<sp/>summary<sp/>content<sp/>mentions<sp/>TestDocumentationEdgeCases,<sp/>TestDocumentationPerformance,</highlight></codeline>
<codeline lineno="87"><highlight class="normal"><sp/><sp/><sp/><sp/><sp/><sp/><sp/><sp/>TestDocumentationRobustness<sp/></highlight><highlight class="keywordflow">and</highlight><highlight class="normal"><sp/>TestDocumentationSchemaValidation.</highlight></codeline>
<codeline lineno="88"><highlight class="normal"><sp/><sp/><sp/><sp/><sp/><sp/><sp/><sp/></highlight><highlight class="stringliteral">&quot;&quot;&quot;</highlight></codeline>
<codeline lineno="89"><highlight class="stringliteral"><sp/><sp/><sp/><sp/><sp/><sp/><sp/><sp/>assert<sp/>&quot;TestDocumentationEdgeCases&quot;<sp/>in<sp/>summary_content</highlight></codeline>
<codeline lineno="90"><highlight class="stringliteral"><sp/><sp/><sp/><sp/><sp/><sp/><sp/><sp/>assert<sp/>&quot;TestDocumentationPerformance&quot;<sp/>in<sp/>summary_content</highlight></codeline>
<codeline lineno="91"><highlight class="stringliteral"><sp/><sp/><sp/><sp/><sp/><sp/><sp/><sp/>assert<sp/>&quot;TestDocumentationRobustness&quot;<sp/>in<sp/>summary_content</highlight></codeline>
<codeline lineno="92"><highlight class="stringliteral"><sp/><sp/><sp/><sp/><sp/><sp/><sp/><sp/>assert<sp/>&quot;TestDocumentationSchemaValidation&quot;<sp/>in<sp/>summary_content</highlight></codeline>
<codeline lineno="93"><highlight class="stringliteral"></highlight></codeline>
<codeline lineno="94"><highlight class="stringliteral"><sp/><sp/><sp/><sp/>def<sp/>test_summary_includes_test_counts(self,<sp/>summary_content):</highlight></codeline>
<codeline lineno="95"><highlight class="stringliteral"><sp/><sp/><sp/><sp/><sp/><sp/><sp/><sp/>&quot;&quot;&quot;</highlight><highlight class="normal">Test<sp/>that<sp/>summary<sp/>includes<sp/>specific<sp/>test<sp/>counts.</highlight><highlight class="stringliteral">&quot;&quot;&quot;</highlight></codeline>
<codeline lineno="96"><highlight class="stringliteral"><sp/><sp/><sp/><sp/><sp/><sp/><sp/><sp/>#<sp/>Should<sp/>mention<sp/>64<sp/>tests<sp/>total</highlight></codeline>
<codeline lineno="97"><highlight class="stringliteral"><sp/><sp/><sp/><sp/><sp/><sp/><sp/><sp/>assert<sp/>&quot;64&quot;<sp/>in<sp/>summary_content</highlight></codeline>
<codeline lineno="98"><highlight class="stringliteral"></highlight></codeline>
<codeline lineno="99"><highlight class="stringliteral"><sp/><sp/><sp/><sp/>def<sp/>test_summary_valid_markdown_headings(self,<sp/>summary_content):</highlight></codeline>
<codeline lineno="100"><highlight class="stringliteral"><sp/><sp/><sp/><sp/><sp/><sp/><sp/><sp/>&quot;&quot;&quot;</highlight><highlight class="normal"></highlight></codeline>
<codeline lineno="101"><highlight class="normal"><sp/><sp/><sp/><sp/><sp/><sp/><sp/><sp/>Assert<sp/>that<sp/>every<sp/>Markdown<sp/>heading<sp/></highlight><highlight class="keywordflow">in</highlight><highlight class="normal"><sp/>the<sp/>provided<sp/>content<sp/>has<sp/>a<sp/>space<sp/>after<sp/>the<sp/>leading<sp/>`<sp/><sp/></highlight><highlight class="comment">#<sp/>`<sp/>characters.</highlight><highlight class="normal"></highlight></codeline>
<codeline lineno="102"><highlight class="normal"></highlight></codeline>
<codeline lineno="103"><highlight class="normal"><sp/><sp/><sp/><sp/><sp/><sp/><sp/><sp/>Parameters:</highlight></codeline>
<codeline lineno="104"><highlight class="normal"><sp/><sp/><sp/><sp/><sp/><sp/><sp/><sp/><sp/><sp/><sp/><sp/>summary_content(str):<sp/>Full<sp/>text<sp/>content<sp/>of<sp/>the<sp/>summary<sp/>Markdown<sp/>file<sp/>to<sp/>validate.</highlight></codeline>
<codeline lineno="105"><highlight class="normal"></highlight></codeline>
<codeline lineno="106"><highlight class="normal"><sp/><sp/><sp/><sp/><sp/><sp/><sp/><sp/>Raises:</highlight></codeline>
<codeline lineno="107"><highlight class="normal"><sp/><sp/><sp/><sp/><sp/><sp/><sp/><sp/><sp/><sp/><sp/><sp/>AssertionError:<sp/>If<sp/>any<sp/>heading<sp/>line<sp/>does<sp/></highlight><highlight class="keywordflow">not</highlight><highlight class="normal"><sp/>have<sp/>a<sp/>space<sp/>after<sp/>its<sp/>`<sp/><sp/></highlight><highlight class="comment">#<sp/>`<sp/>markers;<sp/>the<sp/>error<sp/>message<sp/>includes<sp/>the<sp/>failing<sp/>line<sp/>number.</highlight><highlight class="normal"></highlight></codeline>
<codeline lineno="108"><highlight class="normal"><sp/><sp/><sp/><sp/><sp/><sp/><sp/><sp/></highlight><highlight class="stringliteral">&quot;&quot;&quot;</highlight></codeline>
<codeline lineno="109"><highlight class="stringliteral"><sp/><sp/><sp/><sp/><sp/><sp/><sp/><sp/>lines<sp/>=<sp/>summary_content.split(&quot;\n&quot;)</highlight></codeline>
<codeline lineno="110"><highlight class="stringliteral"><sp/><sp/><sp/><sp/><sp/><sp/><sp/><sp/>for<sp/>i,<sp/>line<sp/>in<sp/>enumerate(lines,<sp/>1):</highlight></codeline>
<codeline lineno="111"><highlight class="stringliteral"><sp/><sp/><sp/><sp/><sp/><sp/><sp/><sp/><sp/><sp/><sp/><sp/>if<sp/>line.startswith(&quot;#&quot;):</highlight></codeline>
<codeline lineno="112"><highlight class="stringliteral"><sp/><sp/><sp/><sp/><sp/><sp/><sp/><sp/><sp/><sp/><sp/><sp/><sp/><sp/><sp/><sp/>#<sp/>Headings<sp/>should<sp/>have<sp/>space<sp/>after<sp/>#</highlight></codeline>
<codeline lineno="113"><highlight class="stringliteral"><sp/><sp/><sp/><sp/><sp/><sp/><sp/><sp/><sp/><sp/><sp/><sp/><sp/><sp/><sp/><sp/>assert<sp/>re.match(r&quot;^#+\s&quot;,<sp/>line),<sp/>f&quot;Line<sp/>{i}:<sp/>Heading<sp/>missing<sp/>space<sp/>after<sp/>#&quot;</highlight></codeline>
<codeline lineno="114"><highlight class="stringliteral"></highlight></codeline>
<codeline lineno="115"><highlight class="stringliteral"><sp/><sp/><sp/><sp/>def<sp/>test_summary_no_broken_formatting(self,<sp/>summary_content):</highlight></codeline>
<codeline lineno="116"><highlight class="stringliteral"><sp/><sp/><sp/><sp/><sp/><sp/><sp/><sp/>&quot;&quot;&quot;</highlight><highlight class="normal"></highlight></codeline>
<codeline lineno="117"><highlight class="normal"><sp/><sp/><sp/><sp/><sp/><sp/><sp/><sp/>Verify<sp/>the<sp/>summary<sp/>contains<sp/>no<sp/>malformed<sp/>Markdown<sp/>heading<sp/>markers(</highlight><highlight class="keywordflow">for</highlight><highlight class="normal"><sp/>example,<sp/>consecutive<sp/>`<sp/><sp/></highlight><highlight class="comment">#<sp/>`<sp/>characters<sp/>without<sp/>the<sp/>required<sp/>space).</highlight><highlight class="normal"></highlight></codeline>
<codeline lineno="118"><highlight class="normal"></highlight></codeline>
<codeline lineno="119"><highlight class="normal"><sp/><sp/><sp/><sp/><sp/><sp/><sp/><sp/>Parameters:</highlight></codeline>
<codeline lineno="120"><highlight class="normal"><sp/><sp/><sp/><sp/><sp/><sp/><sp/><sp/><sp/><sp/><sp/><sp/>summary_content(str):<sp/>The<sp/>full<sp/>text<sp/>content<sp/>of<sp/>the<sp/>summary<sp/>markdown<sp/>file<sp/>to<sp/>validate.</highlight></codeline>
<codeline lineno="121"><highlight class="normal"><sp/><sp/><sp/><sp/><sp/><sp/><sp/><sp/></highlight><highlight class="stringliteral">&quot;&quot;&quot;</highlight></codeline>
<codeline lineno="122"><highlight class="stringliteral"><sp/><sp/><sp/><sp/><sp/><sp/><sp/><sp/>#<sp/>Check<sp/>for<sp/>common<sp/>markdown<sp/>issues</highlight></codeline>
<codeline lineno="123"><highlight class="stringliteral"><sp/><sp/><sp/><sp/><sp/><sp/><sp/><sp/>assert<sp/>&quot;##&quot;<sp/>not<sp/>in<sp/>summary_content.replace(&quot;##&quot;,<sp/>&quot;#<sp/>#&quot;)<sp/><sp/>#<sp/>No<sp/>triple<sp/>hashes<sp/>without<sp/>space</highlight></codeline>
<codeline lineno="124"><highlight class="stringliteral"></highlight></codeline>
<codeline lineno="125"><highlight class="stringliteral"></highlight></codeline>
<codeline lineno="126"><highlight class="stringliteral">class<sp/>TestFinalTestSummary:</highlight></codeline>
<codeline lineno="127"><highlight class="stringliteral"><sp/><sp/><sp/><sp/>&quot;&quot;&quot;</highlight><highlight class="normal">Test<sp/>cases<sp/></highlight><highlight class="keywordflow">for</highlight><highlight class="normal"><sp/>FINAL_TEST_SUMMARY.md.</highlight><highlight class="stringliteral">&quot;&quot;&quot;</highlight></codeline>
<codeline lineno="128"><highlight class="stringliteral"></highlight></codeline>
<codeline lineno="129"><highlight class="stringliteral"><sp/><sp/><sp/><sp/>@staticmethod</highlight></codeline>
<codeline lineno="130"><highlight class="stringliteral"><sp/><sp/><sp/><sp/>@pytest.fixture</highlight></codeline>
<codeline lineno="131"><highlight class="stringliteral"><sp/><sp/><sp/><sp/>def<sp/>summary_path():</highlight></codeline>
<codeline lineno="132"><highlight class="stringliteral"><sp/><sp/><sp/><sp/><sp/><sp/><sp/><sp/>&quot;&quot;&quot;</highlight><highlight class="normal"></highlight></codeline>
<codeline lineno="133"><highlight class="normal"><sp/><sp/><sp/><sp/><sp/><sp/><sp/><sp/>Path<sp/>to<sp/>the<sp/>final<sp/>test<sp/>summary<sp/>markdown<sp/>file.</highlight></codeline>
<codeline lineno="134"><highlight class="normal"></highlight></codeline>
<codeline lineno="135"><highlight class="normal"><sp/><sp/><sp/><sp/><sp/><sp/><sp/><sp/>Returns:</highlight></codeline>
<codeline lineno="136"><highlight class="normal"><sp/><sp/><sp/><sp/><sp/><sp/><sp/><sp/><sp/><sp/><sp/><sp/>Path:<sp/>Path<sp/>object<sp/>pointing<sp/>to<sp/></highlight><highlight class="stringliteral">&quot;FINAL_TEST_SUMMARY.md&quot;</highlight><highlight class="normal">.</highlight></codeline>
<codeline lineno="137"><highlight class="normal"><sp/><sp/><sp/><sp/><sp/><sp/><sp/><sp/></highlight><highlight class="stringliteral">&quot;&quot;&quot;</highlight></codeline>
<codeline lineno="138"><highlight class="stringliteral"><sp/><sp/><sp/><sp/><sp/><sp/><sp/><sp/>return<sp/>Path(&quot;FINAL_TEST_SUMMARY.md&quot;)</highlight></codeline>
<codeline lineno="139"><highlight class="stringliteral"></highlight></codeline>
<codeline lineno="140"><highlight class="stringliteral"><sp/><sp/><sp/><sp/>@pytest.fixture</highlight></codeline>
<codeline lineno="141"><highlight class="stringliteral"><sp/><sp/><sp/><sp/>def<sp/>summary_content(self,<sp/>summary_path):</highlight></codeline>
<codeline lineno="142"><highlight class="stringliteral"><sp/><sp/><sp/><sp/><sp/><sp/><sp/><sp/>&quot;&quot;&quot;</highlight><highlight class="normal"></highlight></codeline>
<codeline lineno="143"><highlight class="normal"><sp/><sp/><sp/><sp/><sp/><sp/><sp/><sp/>Read<sp/>the<sp/>UTF<sp/>-<sp/>8<sp/>text<sp/>content<sp/>of<sp/>the<sp/>specified<sp/>summary<sp/>file.</highlight></codeline>
<codeline lineno="144"><highlight class="normal"></highlight></codeline>
<codeline lineno="145"><highlight class="normal"><sp/><sp/><sp/><sp/><sp/><sp/><sp/><sp/>Parameters:</highlight></codeline>
<codeline lineno="146"><highlight class="normal"><sp/><sp/><sp/><sp/><sp/><sp/><sp/><sp/><sp/><sp/><sp/><sp/>summary_path(Path):<sp/>Path<sp/>to<sp/>the<sp/>summary<sp/>markdown<sp/>file.</highlight></codeline>
<codeline lineno="147"><highlight class="normal"></highlight></codeline>
<codeline lineno="148"><highlight class="normal"><sp/><sp/><sp/><sp/><sp/><sp/><sp/><sp/>Returns:</highlight></codeline>
<codeline lineno="149"><highlight class="normal"><sp/><sp/><sp/><sp/><sp/><sp/><sp/><sp/><sp/><sp/><sp/><sp/>str:<sp/>The<sp/>file<sp/>content<sp/></highlight><highlight class="keyword">as</highlight><highlight class="normal"><sp/>a<sp/>Unicode<sp/>string.</highlight></codeline>
<codeline lineno="150"><highlight class="normal"><sp/><sp/><sp/><sp/><sp/><sp/><sp/><sp/></highlight><highlight class="stringliteral">&quot;&quot;&quot;</highlight></codeline>
<codeline lineno="151"><highlight class="stringliteral"><sp/><sp/><sp/><sp/><sp/><sp/><sp/><sp/>assert<sp/>summary_path.exists(),<sp/>&quot;FINAL_TEST_SUMMARY.md<sp/>not<sp/>found&quot;</highlight></codeline>
<codeline lineno="152"><highlight class="stringliteral"><sp/><sp/><sp/><sp/><sp/><sp/><sp/><sp/>with<sp/>open(summary_path,<sp/>encoding=&quot;utf-8&quot;)<sp/>as<sp/>f:</highlight></codeline>
<codeline lineno="153"><highlight class="stringliteral"><sp/><sp/><sp/><sp/><sp/><sp/><sp/><sp/><sp/><sp/><sp/><sp/>return<sp/>f.read()</highlight></codeline>
<codeline lineno="154"><highlight class="stringliteral"></highlight></codeline>
<codeline lineno="155"><highlight class="stringliteral"><sp/><sp/><sp/><sp/>def<sp/>test_summary_file_exists(self,<sp/>summary_path):</highlight></codeline>
<codeline lineno="156"><highlight class="stringliteral"><sp/><sp/><sp/><sp/><sp/><sp/><sp/><sp/>&quot;&quot;&quot;</highlight><highlight class="normal">Verify<sp/>the<sp/>FINAL_TEST_SUMMARY.md<sp/>file<sp/>exists<sp/></highlight><highlight class="keywordflow">and</highlight><highlight class="normal"><sp/></highlight><highlight class="keywordflow">is</highlight><highlight class="normal"><sp/>a<sp/>regular<sp/>file.</highlight><highlight class="stringliteral">&quot;&quot;&quot;</highlight></codeline>
<codeline lineno="157"><highlight class="stringliteral"><sp/><sp/><sp/><sp/><sp/><sp/><sp/><sp/>assert<sp/>summary_path.exists()</highlight></codeline>
<codeline lineno="158"><highlight class="stringliteral"><sp/><sp/><sp/><sp/><sp/><sp/><sp/><sp/>assert<sp/>summary_path.is_file()</highlight></codeline>
<codeline lineno="159"><highlight class="stringliteral"></highlight></codeline>
<codeline lineno="160"><highlight class="stringliteral"><sp/><sp/><sp/><sp/>def<sp/>test_summary_not_empty(self,<sp/>summary_content):</highlight></codeline>
<codeline lineno="161"><highlight class="stringliteral"><sp/><sp/><sp/><sp/><sp/><sp/><sp/><sp/>&quot;&quot;&quot;</highlight><highlight class="normal">Test<sp/>that<sp/>summary<sp/>file<sp/></highlight><highlight class="keywordflow">is</highlight><highlight class="normal"><sp/></highlight><highlight class="keywordflow">not</highlight><highlight class="normal"><sp/>empty.</highlight><highlight class="stringliteral">&quot;&quot;&quot;</highlight></codeline>
<codeline lineno="162"><highlight class="stringliteral"><sp/><sp/><sp/><sp/><sp/><sp/><sp/><sp/>assert<sp/>len(summary_content.strip())<sp/>&gt;<sp/>0</highlight></codeline>
<codeline lineno="163"><highlight class="stringliteral"></highlight></codeline>
<codeline lineno="164"><highlight class="stringliteral"><sp/><sp/><sp/><sp/>def<sp/>test_summary_has_main_title(self,<sp/>summary_content):</highlight></codeline>
<codeline lineno="165"><highlight class="stringliteral"><sp/><sp/><sp/><sp/><sp/><sp/><sp/><sp/>&quot;&quot;&quot;</highlight><highlight class="normal">Test<sp/>that<sp/>summary<sp/>has<sp/>main<sp/>title.</highlight><highlight class="stringliteral">&quot;&quot;&quot;</highlight></codeline>
<codeline lineno="166"><highlight class="stringliteral"><sp/><sp/><sp/><sp/><sp/><sp/><sp/><sp/>assert<sp/>&quot;#<sp/>Comprehensive<sp/>Test<sp/>Generation<sp/>Summary&quot;<sp/>in<sp/>summary_content</highlight></codeline>
<codeline lineno="167"><highlight class="stringliteral"></highlight></codeline>
<codeline lineno="168"><highlight class="stringliteral"><sp/><sp/><sp/><sp/>def<sp/>test_summary_has_overview_section(self,<sp/>summary_content):</highlight></codeline>
<codeline lineno="169"><highlight class="stringliteral"><sp/><sp/><sp/><sp/><sp/><sp/><sp/><sp/>&quot;&quot;&quot;</highlight><highlight class="normal">Test<sp/>that<sp/>summary<sp/>has<sp/>Overview<sp/>section.</highlight><highlight class="stringliteral">&quot;&quot;&quot;</highlight></codeline>
<codeline lineno="170"><highlight class="stringliteral"><sp/><sp/><sp/><sp/><sp/><sp/><sp/><sp/>assert<sp/>&quot;##<sp/>Overview&quot;<sp/>in<sp/>summary_content</highlight></codeline>
<codeline lineno="171"><highlight class="stringliteral"></highlight></codeline>
<codeline lineno="172"><highlight class="stringliteral"><sp/><sp/><sp/><sp/>def<sp/>test_summary_lists_changed_files(self,<sp/>summary_content):</highlight></codeline>
<codeline lineno="173"><highlight class="stringliteral"><sp/><sp/><sp/><sp/><sp/><sp/><sp/><sp/>&quot;&quot;&quot;</highlight><highlight class="normal">Test<sp/>that<sp/>summary<sp/>lists<sp/>the<sp/>files<sp/>changed.</highlight><highlight class="stringliteral">&quot;&quot;&quot;</highlight></codeline>
<codeline lineno="174"><highlight class="stringliteral"><sp/><sp/><sp/><sp/><sp/><sp/><sp/><sp/>assert<sp/>&quot;dependencyMatrix.md&quot;<sp/>in<sp/>summary_content</highlight></codeline>
<codeline lineno="175"><highlight class="stringliteral"><sp/><sp/><sp/><sp/><sp/><sp/><sp/><sp/>assert<sp/>&quot;systemManifest.md&quot;<sp/>in<sp/>summary_content</highlight></codeline>
<codeline lineno="176"><highlight class="stringliteral"></highlight></codeline>
<codeline lineno="177"><highlight class="stringliteral"><sp/><sp/><sp/><sp/>def<sp/>test_summary_has_test_suite_section(self,<sp/>summary_content):</highlight></codeline>
<codeline lineno="178"><highlight class="stringliteral"><sp/><sp/><sp/><sp/><sp/><sp/><sp/><sp/>&quot;&quot;&quot;</highlight><highlight class="normal">Test<sp/>that<sp/>summary<sp/>has<sp/>Test<sp/>Suite<sp/>Created<sp/>section.</highlight><highlight class="stringliteral">&quot;&quot;&quot;</highlight></codeline>
<codeline lineno="179"><highlight class="stringliteral"><sp/><sp/><sp/><sp/><sp/><sp/><sp/><sp/>assert<sp/>&quot;##<sp/>Test<sp/>Suite<sp/>Created&quot;<sp/>in<sp/>summary_content</highlight></codeline>
<codeline lineno="180"><highlight class="stringliteral"></highlight></codeline>
<codeline lineno="181"><highlight class="stringliteral"><sp/><sp/><sp/><sp/>def<sp/>test_summary_mentions_test_file_location(self,<sp/>summary_content):</highlight></codeline>
<codeline lineno="182"><highlight class="stringliteral"><sp/><sp/><sp/><sp/><sp/><sp/><sp/><sp/>&quot;&quot;&quot;</highlight><highlight class="normal">Test<sp/>that<sp/>summary<sp/>mentions<sp/>the<sp/>test<sp/>file<sp/>location.</highlight><highlight class="stringliteral">&quot;&quot;&quot;</highlight></codeline>
<codeline lineno="183"><highlight class="stringliteral"><sp/><sp/><sp/><sp/><sp/><sp/><sp/><sp/>assert<sp/>&quot;test_documentation_validation.py&quot;<sp/>in<sp/>summary_content</highlight></codeline>
<codeline lineno="184"><highlight class="stringliteral"></highlight></codeline>
<codeline lineno="185"><highlight class="stringliteral"><sp/><sp/><sp/><sp/>def<sp/>test_summary_has_test_statistics(self,<sp/>summary_content):</highlight></codeline>
<codeline lineno="186"><highlight class="stringliteral"><sp/><sp/><sp/><sp/><sp/><sp/><sp/><sp/>&quot;&quot;&quot;</highlight><highlight class="normal">Test<sp/>that<sp/>summary<sp/>includes<sp/>test<sp/>statistics.</highlight><highlight class="stringliteral">&quot;&quot;&quot;</highlight></codeline>
<codeline lineno="187"><highlight class="stringliteral"><sp/><sp/><sp/><sp/><sp/><sp/><sp/><sp/>assert<sp/>&quot;Statistics:&quot;<sp/>in<sp/>summary_content<sp/>or<sp/>&quot;statistics&quot;<sp/>in<sp/>summary_content.lower()</highlight></codeline>
<codeline lineno="188"><highlight class="stringliteral"><sp/><sp/><sp/><sp/><sp/><sp/><sp/><sp/>#<sp/>Should<sp/>mention<sp/>line<sp/>count</highlight></codeline>
<codeline lineno="189"><highlight class="stringliteral"><sp/><sp/><sp/><sp/><sp/><sp/><sp/><sp/>assert<sp/>&quot;lines&quot;<sp/>in<sp/>summary_content.lower()</highlight></codeline>
<codeline lineno="190"><highlight class="stringliteral"></highlight></codeline>
<codeline lineno="191"><highlight class="stringliteral"><sp/><sp/><sp/><sp/>def<sp/>test_summary_describes_test_classes(self,<sp/>summary_content):</highlight></codeline>
<codeline lineno="192"><highlight class="stringliteral"><sp/><sp/><sp/><sp/><sp/><sp/><sp/><sp/>&quot;&quot;&quot;</highlight><highlight class="normal"></highlight></codeline>
<codeline lineno="193"><highlight class="normal"><sp/><sp/><sp/><sp/><sp/><sp/><sp/><sp/>Verify<sp/>the<sp/>summary<sp/>includes<sp/>the<sp/>expected<sp/>test<sp/></highlight><highlight class="keyword">class<sp/></highlight><highlight class="normal">names.</highlight></codeline>
<codeline lineno="194"><highlight class="normal"></highlight></codeline>
<codeline lineno="195"><highlight class="normal"><sp/><sp/><sp/><sp/><sp/><sp/><sp/><sp/>Asserts<sp/>that<sp/>the<sp/>provided<sp/>summary<sp/>content<sp/>mentions<sp/>the<sp/>test<sp/>classes<sp/>TestDependencyMatrix,<sp/>TestSystemManifest<sp/></highlight><highlight class="keywordflow">and</highlight><highlight class="normal"><sp/>TestDocumentationConsistency.</highlight></codeline>
<codeline lineno="196"><highlight class="normal"><sp/><sp/><sp/><sp/><sp/><sp/><sp/><sp/></highlight><highlight class="stringliteral">&quot;&quot;&quot;</highlight></codeline>
<codeline lineno="197"><highlight class="stringliteral"><sp/><sp/><sp/><sp/><sp/><sp/><sp/><sp/>assert<sp/>&quot;TestDependencyMatrix&quot;<sp/>in<sp/>summary_content</highlight></codeline>
<codeline lineno="198"><highlight class="stringliteral"><sp/><sp/><sp/><sp/><sp/><sp/><sp/><sp/>assert<sp/>&quot;TestSystemManifest&quot;<sp/>in<sp/>summary_content</highlight></codeline>
<codeline lineno="199"><highlight class="stringliteral"><sp/><sp/><sp/><sp/><sp/><sp/><sp/><sp/>assert<sp/>&quot;TestDocumentationConsistency&quot;<sp/>in<sp/>summary_content</highlight></codeline>
<codeline lineno="200"><highlight class="stringliteral"></highlight></codeline>
<codeline lineno="201"><highlight class="stringliteral"><sp/><sp/><sp/><sp/>def<sp/>test_summary_includes_tables(self,<sp/>summary_content):</highlight></codeline>
<codeline lineno="202"><highlight class="stringliteral"><sp/><sp/><sp/><sp/><sp/><sp/><sp/><sp/>&quot;&quot;&quot;</highlight><highlight class="normal">Test<sp/>that<sp/>summary<sp/>includes<sp/>markdown<sp/>tables.</highlight><highlight class="stringliteral">&quot;&quot;&quot;</highlight></codeline>
<codeline lineno="203"><highlight class="stringliteral"><sp/><sp/><sp/><sp/><sp/><sp/><sp/><sp/>#<sp/>Should<sp/>have<sp/>at<sp/>least<sp/>one<sp/>table</highlight></codeline>
<codeline lineno="204"><highlight class="stringliteral"><sp/><sp/><sp/><sp/><sp/><sp/><sp/><sp/>assert<sp/>&quot;|&quot;<sp/>in<sp/>summary_content</highlight></codeline>
<codeline lineno="205"><highlight class="stringliteral"><sp/><sp/><sp/><sp/><sp/><sp/><sp/><sp/>#<sp/>Table<sp/>separator<sp/>line</highlight></codeline>
<codeline lineno="206"><highlight class="stringliteral"><sp/><sp/><sp/><sp/><sp/><sp/><sp/><sp/>assert<sp/>re.search(r&quot;\|[-\s|]+\|&quot;,<sp/>summary_content)</highlight></codeline>
<codeline lineno="207"><highlight class="stringliteral"></highlight></codeline>
<codeline lineno="208"><highlight class="stringliteral"><sp/><sp/><sp/><sp/>def<sp/>test_summary_valid_markdown_structure(self,<sp/>summary_content):</highlight></codeline>
<codeline lineno="209"><highlight class="stringliteral"><sp/><sp/><sp/><sp/><sp/><sp/><sp/><sp/>&quot;&quot;&quot;</highlight><highlight class="normal">Validate<sp/>that<sp/>a<sp/>Markdown<sp/>document<sp/>top<sp/>-<sp/>level<sp/>heading<sp/></highlight><highlight class="keywordflow">is</highlight><highlight class="normal"><sp/>H1<sp/>when<sp/>headings<sp/>are<sp/>present.</highlight><highlight class="stringliteral">&quot;&quot;&quot;</highlight></codeline>
<codeline lineno="210"><highlight class="stringliteral"><sp/><sp/><sp/><sp/><sp/><sp/><sp/><sp/>lines<sp/>=<sp/>summary_content.split(&quot;\n&quot;)</highlight></codeline>
<codeline lineno="211"><highlight class="stringliteral"><sp/><sp/><sp/><sp/><sp/><sp/><sp/><sp/>#<sp/>Check<sp/>heading<sp/>hierarchy</highlight></codeline>
<codeline lineno="212"><highlight class="stringliteral"><sp/><sp/><sp/><sp/><sp/><sp/><sp/><sp/>heading_levels<sp/>=<sp/>[]</highlight></codeline>
<codeline lineno="213"><highlight class="stringliteral"><sp/><sp/><sp/><sp/><sp/><sp/><sp/><sp/>for<sp/>line<sp/>in<sp/>lines:</highlight></codeline>
<codeline lineno="214"><highlight class="stringliteral"><sp/><sp/><sp/><sp/><sp/><sp/><sp/><sp/><sp/><sp/><sp/><sp/>if<sp/>line.startswith(&quot;#&quot;):</highlight></codeline>
<codeline lineno="215"><highlight class="stringliteral"><sp/><sp/><sp/><sp/><sp/><sp/><sp/><sp/><sp/><sp/><sp/><sp/><sp/><sp/><sp/><sp/>match<sp/>=<sp/>re.match(r&quot;^(#+)\s&quot;,<sp/>line)</highlight></codeline>
<codeline lineno="216"><highlight class="stringliteral"><sp/><sp/><sp/><sp/><sp/><sp/><sp/><sp/><sp/><sp/><sp/><sp/><sp/><sp/><sp/><sp/>if<sp/>match:</highlight></codeline>
<codeline lineno="217"><highlight class="stringliteral"><sp/><sp/><sp/><sp/><sp/><sp/><sp/><sp/><sp/><sp/><sp/><sp/><sp/><sp/><sp/><sp/><sp/><sp/><sp/><sp/>heading_levels.append(len(match.group(1)))</highlight></codeline>
<codeline lineno="218"><highlight class="stringliteral"></highlight></codeline>
<codeline lineno="219"><highlight class="stringliteral"><sp/><sp/><sp/><sp/><sp/><sp/><sp/><sp/>#<sp/>Should<sp/>start<sp/>with<sp/>h1</highlight></codeline>
<codeline lineno="220"><highlight class="stringliteral"><sp/><sp/><sp/><sp/><sp/><sp/><sp/><sp/>if<sp/>heading_levels:</highlight></codeline>
<codeline lineno="221"><highlight class="stringliteral"><sp/><sp/><sp/><sp/><sp/><sp/><sp/><sp/><sp/><sp/><sp/><sp/>assert<sp/>heading_levels[0]<sp/>==<sp/>1,<sp/>&quot;Document<sp/>should<sp/>start<sp/>with<sp/>h1&quot;</highlight></codeline>
<codeline lineno="222"><highlight class="stringliteral"></highlight></codeline>
<codeline lineno="223"><highlight class="stringliteral"></highlight></codeline>
<codeline lineno="224"><highlight class="stringliteral">class<sp/>TestDocumentationSummary:</highlight></codeline>
<codeline lineno="225"><highlight class="stringliteral"><sp/><sp/><sp/><sp/>&quot;&quot;&quot;</highlight><highlight class="normal">Test<sp/>cases<sp/></highlight><highlight class="keywordflow">for</highlight><highlight class="normal"><sp/>TEST_DOCUMENTATION_SUMMARY.md.</highlight><highlight class="stringliteral">&quot;&quot;&quot;</highlight></codeline>
<codeline lineno="226"><highlight class="stringliteral"></highlight></codeline>
<codeline lineno="227"><highlight class="stringliteral"><sp/><sp/><sp/><sp/>@staticmethod</highlight></codeline>
<codeline lineno="228"><highlight class="stringliteral"><sp/><sp/><sp/><sp/>@pytest.fixture</highlight></codeline>
<codeline lineno="229"><highlight class="stringliteral"><sp/><sp/><sp/><sp/>def<sp/>summary_path():</highlight></codeline>
<codeline lineno="230"><highlight class="stringliteral"><sp/><sp/><sp/><sp/><sp/><sp/><sp/><sp/>&quot;&quot;&quot;</highlight><highlight class="normal"></highlight></codeline>
<codeline lineno="231"><highlight class="normal"><sp/><sp/><sp/><sp/><sp/><sp/><sp/><sp/>Provide<sp/>the<sp/>path<sp/>to<sp/>the<sp/>test<sp/>documentation<sp/>summary<sp/>file.</highlight></codeline>
<codeline lineno="232"><highlight class="normal"></highlight></codeline>
<codeline lineno="233"><highlight class="normal"><sp/><sp/><sp/><sp/><sp/><sp/><sp/><sp/>Returns:</highlight></codeline>
<codeline lineno="234"><highlight class="normal"><sp/><sp/><sp/><sp/><sp/><sp/><sp/><sp/><sp/><sp/><sp/><sp/>Path:<sp/>Path<sp/>to<sp/></highlight><highlight class="stringliteral">&quot;TEST_DOCUMENTATION_SUMMARY.md&quot;</highlight><highlight class="normal">.</highlight></codeline>
<codeline lineno="235"><highlight class="normal"><sp/><sp/><sp/><sp/><sp/><sp/><sp/><sp/></highlight><highlight class="stringliteral">&quot;&quot;&quot;</highlight></codeline>
<codeline lineno="236"><highlight class="stringliteral"><sp/><sp/><sp/><sp/><sp/><sp/><sp/><sp/>return<sp/>Path(&quot;TEST_DOCUMENTATION_SUMMARY.md&quot;)</highlight></codeline>
    </programlisting>
    <location file="/app/doc_state/github_reposRepoArchDocGenContext/DashFin-FarDb/financial-asset-relationship-db/tests/unit/test_summary_documentation.py"/>
  </compounddef>
</doxygen>
